\BOOKMARK [1][-]{section.1}{Objetivos}{}% 1
\BOOKMARK [2][-]{subsection.1.1}{Objetivo Geral}{section.1}% 2
\BOOKMARK [2][-]{subsection.1.2}{Objetivos Espec\355ficos}{section.1}% 3
\BOOKMARK [1][-]{section.2}{Justificativa}{}% 4
\BOOKMARK [1][-]{section.3}{Base de Dados}{}% 5
\BOOKMARK [1][-]{section.4}{An\341lise Explorat\363ria dos Dados}{}% 6
\BOOKMARK [2][-]{subsection.4.1}{Quantidade de Imagens Por Classes}{section.4}% 7
\BOOKMARK [2][-]{subsection.4.2}{Descri\347\343o Estat\355stica dos dados}{section.4}% 8
\BOOKMARK [3][-]{subsubsection.4.2.1}{M\351dia das Imagens por Classe}{subsection.4.2}% 9
\BOOKMARK [1][-]{section.5}{Sobre as M\351tricas Utilizadas}{}% 10
\BOOKMARK [2][-]{subsection.5.1}{Precision}{section.5}% 11
\BOOKMARK [2][-]{subsection.5.2}{Accuracy}{section.5}% 12
\BOOKMARK [2][-]{subsection.5.3}{Recall-Score}{section.5}% 13
\BOOKMARK [2][-]{subsection.5.4}{F1-Score}{section.5}% 14
\BOOKMARK [2][-]{subsection.5.5}{Confusion Matrix}{section.5}% 15
\BOOKMARK [2][-]{subsection.5.6}{O Nosso Modelo}{section.5}% 16
\BOOKMARK [2][-]{subsection.5.7}{LeNet}{section.5}% 17
\BOOKMARK [2][-]{subsection.5.8}{AlexNet}{section.5}% 18
\BOOKMARK [1][-]{section.6}{Experimentos}{}% 19
\BOOKMARK [2][-]{subsection.6.1}{CIFAR10}{section.6}% 20
\BOOKMARK [2][-]{subsection.6.2}{Similaridade de Pixel}{section.6}% 21
\BOOKMARK [2][-]{subsection.6.3}{Treinando os Modelos}{section.6}% 22
\BOOKMARK [2][-]{subsection.6.4}{Apenas um Epoch}{section.6}% 23
\BOOKMARK [2][-]{subsection.6.5}{Limitando os Dados}{section.6}% 24
\BOOKMARK [2][-]{subsection.6.6}{Sem Normaliza\347\343o e sem Data Augmentation}{section.6}% 25
\BOOKMARK [1][-]{section.7}{An\341lise dos Resultados}{}% 26
\BOOKMARK [2][-]{subsection.7.1}{LeNet com Relu}{section.7}% 27
\BOOKMARK [2][-]{subsection.7.2}{Desempenho da rede com os dados ruidosos}{section.7}% 28
\BOOKMARK [1][-]{section.8}{Conclus\365es e Discuss\365es}{}% 29
\BOOKMARK [1][-]{section*.12}{References}{}% 30
