# Treinando os Modelos:

- CNN100

    TIME:00:37:49
    LOSS:
        Epoch:  [1/50]: Loss : 4.221396705627441 Step: 1000
        Epoch:  [2/50]: Loss : 3.442529371023178 Step: 1000
        Epoch:  [3/50]: Loss : 3.016068526506424 Step: 1000
        Epoch:  [4/50]: Loss : 2.726536409974098 Step: 1000
        Epoch:  [5/50]: Loss : 2.5214961433410643 Step: 1000
        Epoch:  [6/50]: Loss : 2.3667297565937044 Step: 1000
        Epoch:  [7/50]: Loss : 2.2413606016635894 Step: 1000
        Epoch:  [8/50]: Loss : 2.131696190714836 Step: 1000
        Epoch:  [9/50]: Loss : 2.045403267621994 Step: 1000
        Epoch:  [10/50]: Loss : 1.9596656314134597 Step: 1000
        Epoch:  [11/50]: Loss : 1.8683195123672485 Step: 1000
        Epoch:  [12/50]: Loss : 1.8028394047021865 Step: 1000
        Epoch:  [13/50]: Loss : 1.7309640917778015 Step: 1000
        Epoch:  [14/50]: Loss : 1.672695976316929 Step: 1000
        Epoch:  [15/50]: Loss : 1.6129718722701072 Step: 1000
        Epoch:  [16/50]: Loss : 1.549377133488655 Step: 1000
        Epoch:  [17/50]: Loss : 1.5024642004966735 Step: 1000
        Epoch:  [18/50]: Loss : 1.443586164832115 Step: 1000
        Epoch:  [19/50]: Loss : 1.3880341518521309 Step: 1000
        Epoch:  [20/50]: Loss : 1.3480051854252815 Step: 1000
        Epoch:  [21/50]: Loss : 1.3038967319130899 Step: 1000
        Epoch:  [22/50]: Loss : 1.252393138229847 Step: 1000
        Epoch:  [23/50]: Loss : 1.209368919789791 Step: 1000
        Epoch:  [24/50]: Loss : 1.1628046661615372 Step: 1000
        Epoch:  [25/50]: Loss : 1.11957909989357 Step: 1000
        Epoch:  [26/50]: Loss : 1.080538897484541 Step: 1000
        Epoch:  [27/50]: Loss : 1.0366282995641232 Step: 1000
        Epoch:  [28/50]: Loss : 1.0058936926424504 Step: 1000
        Epoch:  [29/50]: Loss : 0.9563290413022041 Step: 1000
        Epoch:  [30/50]: Loss : 0.9259406097531319 Step: 1000
        Epoch:  [31/50]: Loss : 0.8876181870102883 Step: 1000
        Epoch:  [32/50]: Loss : 0.8457021358609199 Step: 1000
        Epoch:  [33/50]: Loss : 0.81483776268363 Step: 1000
        Epoch:  [34/50]: Loss : 0.7788742383718491 Step: 1000
        Epoch:  [35/50]: Loss : 0.7499317646026611 Step: 1000
        Epoch:  [36/50]: Loss : 0.7247606095671654 Step: 1000
        Epoch:  [37/50]: Loss : 0.6977264957129955 Step: 1000
        Epoch:  [38/50]: Loss : 0.6708309221863746 Step: 1000
        Epoch:  [39/50]: Loss : 0.6321686197370291 Step: 1000
        Epoch:  [40/50]: Loss : 0.6157633363008499 Step: 1000
        Epoch:  [41/50]: Loss : 0.5888425379991531 Step: 1000
        Epoch:  [42/50]: Loss : 0.5690892262756825 Step: 1000
        Epoch:  [43/50]: Loss : 0.5412353737056256 Step: 1000
        Epoch:  [44/50]: Loss : 0.5249063689261675 Step: 1000
        Epoch:  [45/50]: Loss : 0.5023443355858326 Step: 1000
        Epoch:  [46/50]: Loss : 0.4778301683217287 Step: 1000
        Epoch:  [47/50]: Loss : 0.4582817324399948 Step: 1000
        Epoch:  [48/50]: Loss : 0.44582127273082733 Step: 1000
        Epoch:  [49/50]: Loss : 0.4311845659315586 Step: 1000
        Epoch:  [50/50]: Loss : 0.4129851536899805 Step: 1000
        The Training is Finished
-LeNet
    TIME:00:19:40
    LOSS:
        Epoch:  [1/50]: Loss : 4.610275352478028 Step: 1000
        Epoch:  [2/50]: Loss : 4.60709143781662 Step: 1000
        Epoch:  [3/50]: Loss : 4.607117957592011 Step: 1000
        Epoch:  [4/50]: Loss : 4.607108925819397 Step: 1000
        Epoch:  [5/50]: Loss : 4.607210103034973 Step: 1000
        Epoch:  [6/50]: Loss : 4.607090084075928 Step: 1000
        Epoch:  [7/50]: Loss : 4.607166917800903 Step: 1000
        Epoch:  [8/50]: Loss : 4.606955875873566 Step: 1000
        Epoch:  [9/50]: Loss : 4.607037053585053 Step: 1000
        Epoch:  [10/50]: Loss : 4.606995623588562 Step: 1000
        Epoch:  [11/50]: Loss : 4.606891127109527 Step: 1000
        Epoch:  [12/50]: Loss : 4.607133620738983 Step: 1000
        Epoch:  [13/50]: Loss : 4.606977580070495 Step: 1000
        Epoch:  [14/50]: Loss : 4.606872906684876 Step: 1000
        Epoch:  [15/50]: Loss : 4.606975681304932 Step: 1000
        Epoch:  [16/50]: Loss : 4.606828499794006 Step: 1000
        Epoch:  [17/50]: Loss : 4.606954144954681 Step: 1000
        Epoch:  [18/50]: Loss : 4.60695934677124 Step: 1000
        Epoch:  [19/50]: Loss : 4.6069412140846255 Step: 1000
        Epoch:  [20/50]: Loss : 4.606876938343048 Step: 1000
        Epoch:  [21/50]: Loss : 4.606791066169738 Step: 1000
        Epoch:  [22/50]: Loss : 4.606962107181549 Step: 1000
        Epoch:  [23/50]: Loss : 4.606927053451538 Step: 1000
        Epoch:  [24/50]: Loss : 4.606828117847443 Step: 1000
        Epoch:  [25/50]: Loss : 4.606896060943604 Step: 1000
        Epoch:  [26/50]: Loss : 4.606832995414734 Step: 1000
        Epoch:  [27/50]: Loss : 4.606859262466431 Step: 1000
        Epoch:  [28/50]: Loss : 4.606718874454498 Step: 1000
        Epoch:  [29/50]: Loss : 4.60677660036087 Step: 1000
        Epoch:  [30/50]: Loss : 4.606802321910858 Step: 1000
        Epoch:  [31/50]: Loss : 4.606823091030121 Step: 1000
        Epoch:  [32/50]: Loss : 4.606867810249328 Step: 1000
        Epoch:  [33/50]: Loss : 4.6067352352142334 Step: 1000
        Epoch:  [34/50]: Loss : 4.6067351365089415 Step: 1000
        Epoch:  [35/50]: Loss : 4.6066831459999085 Step: 1000
        Epoch:  [36/50]: Loss : 4.606805233478546 Step: 1000
        Epoch:  [37/50]: Loss : 4.606628386974335 Step: 1000
        Epoch:  [38/50]: Loss : 4.606787374019623 Step: 1000
        Epoch:  [39/50]: Loss : 4.606802604198456 Step: 1000
        Epoch:  [40/50]: Loss : 4.606585065841675 Step: 1000
        Epoch:  [41/50]: Loss : 4.606699099540711 Step: 1000
        Epoch:  [42/50]: Loss : 4.606608563899994 Step: 1000
        Epoch:  [43/50]: Loss : 4.606523509025574 Step: 1000
        Epoch:  [44/50]: Loss : 4.6065899238586425 Step: 1000
        Epoch:  [45/50]: Loss : 4.606579857349396 Step: 1000
        Epoch:  [46/50]: Loss : 4.6065189414024355 Step: 1000
        Epoch:  [47/50]: Loss : 4.606556525230408 Step: 1000
        Epoch:  [48/50]: Loss : 4.606450908184051 Step: 1000
        Epoch:  [49/50]: Loss : 4.606547230243683 Step: 1000
        Epoch:  [50/50]: Loss : 4.606608632564544 Step: 1000
        The Training is Finished
- AlexNet
    TIME: 01:05:23
    LOSS: 
        Epoch:  [1/50]: Loss : 4.605053863048553 Step: 1000
        Epoch:  [2/50]: Loss : 4.603819807529449 Step: 1000
        Epoch:  [3/50]: Loss : 4.554995917797089 Step: 1000
        Epoch:  [4/50]: Loss : 4.223932805538177 Step: 1000
        Epoch:  [5/50]: Loss : 4.054544434785843 Step: 1000
        Epoch:  [6/50]: Loss : 3.8857276592254637 Step: 1000
        Epoch:  [7/50]: Loss : 3.7299574971199037 Step: 1000
        Epoch:  [8/50]: Loss : 3.5947757971286776 Step: 1000
        Epoch:  [9/50]: Loss : 3.465284445285797 Step: 1000
        Epoch:  [10/50]: Loss : 3.3228505601882934 Step: 1000
        Epoch:  [11/50]: Loss : 3.193504056215286 Step: 1000
        Epoch:  [12/50]: Loss : 3.049126019239426 Step: 1000
        Epoch:  [13/50]: Loss : 2.941783545255661 Step: 1000
        Epoch:  [14/50]: Loss : 2.8360857899188994 Step: 1000
        Epoch:  [15/50]: Loss : 2.7406764866113664 Step: 1000
        Epoch:  [16/50]: Loss : 2.645433095216751 Step: 1000
        Epoch:  [17/50]: Loss : 2.5626494125127794 Step: 1000
        Epoch:  [18/50]: Loss : 2.481579114317894 Step: 1000
        Epoch:  [19/50]: Loss : 2.406880156636238 Step: 1000
        Epoch:  [20/50]: Loss : 2.333530393242836 Step: 1000
        Epoch:  [21/50]: Loss : 2.2658006126880648 Step: 1000
        Epoch:  [22/50]: Loss : 2.1945547288656235 Step: 1000
        Epoch:  [23/50]: Loss : 2.1288208965063093 Step: 1000
        Epoch:  [24/50]: Loss : 2.063092941761017 Step: 1000
        Epoch:  [25/50]: Loss : 2.0044244683980943 Step: 1000
        Epoch:  [26/50]: Loss : 1.9417854435443878 Step: 1000
        Epoch:  [27/50]: Loss : 1.878165806889534 Step: 1000
        Epoch:  [28/50]: Loss : 1.8241327632665634 Step: 1000
        Epoch:  [29/50]: Loss : 1.7684704574346541 Step: 1000
        Epoch:  [30/50]: Loss : 1.7114755480289459 Step: 1000
        Epoch:  [31/50]: Loss : 1.653062198996544 Step: 1000
        Epoch:  [32/50]: Loss : 1.5938974758982658 Step: 1000
        Epoch:  [33/50]: Loss : 1.54671443516016 Step: 1000
        Epoch:  [34/50]: Loss : 1.4898958851099013 Step: 1000
        Epoch:  [35/50]: Loss : 1.443453662276268 Step: 1000
        Epoch:  [36/50]: Loss : 1.397236880660057 Step: 1000
        Epoch:  [37/50]: Loss : 1.3422015964388847 Step: 1000
        Epoch:  [38/50]: Loss : 1.2835725001096725 Step: 1000
        Epoch:  [39/50]: Loss : 1.2301955754756928 Step: 1000
        Epoch:  [40/50]: Loss : 1.1837763168215751 Step: 1000
        Epoch:  [41/50]: Loss : 1.127120435297489 Step: 1000
        Epoch:  [42/50]: Loss : 1.0888645758330822 Step: 1000
        Epoch:  [43/50]: Loss : 1.0291140142679214 Step: 1000
        Epoch:  [44/50]: Loss : 0.9894203084409237 Step: 1000
        Epoch:  [45/50]: Loss : 0.9463449937701225 Step: 1000
        Epoch:  [46/50]: Loss : 0.8882468537092209 Step: 1000
        Epoch:  [47/50]: Loss : 0.8516607826948166 Step: 1000
        Epoch:  [48/50]: Loss : 0.8000303206443786 Step: 1000
        Epoch:  [49/50]: Loss : 0.7640866255164146 Step: 1000
        Epoch:  [50/50]: Loss : 0.7250659963488579 Step: 1000
        The Training is Finished
